Crashlog created at 2014-03-01 06:03:08 +0100

===== MESSAGE:

RuntimeError: Could not parse YAML for content/posts/2012-11-09-scheitern-und-verstehen-jetzt-draussen.md: (<unknown>): did not find expected ',' or ']' while parsing a flow sequence at line 7 column 7

===== COMPILATION STACK:

  (empty)

===== STACK TRACE:

  0. /Library/Ruby/Gems/2.0.0/gems/nanoc-3.6.7/lib/nanoc/data_sources/filesystem.rb:266:in `rescue in parse'
  1. /Library/Ruby/Gems/2.0.0/gems/nanoc-3.6.7/lib/nanoc/data_sources/filesystem.rb:263:in `parse'
  2. /Library/Ruby/Gems/2.0.0/gems/nanoc-3.6.7/lib/nanoc/data_sources/filesystem.rb:89:in `block in load_objects'
  3. /Library/Ruby/Gems/2.0.0/gems/nanoc-3.6.7/lib/nanoc/data_sources/filesystem.rb:78:in `each'
  4. /Library/Ruby/Gems/2.0.0/gems/nanoc-3.6.7/lib/nanoc/data_sources/filesystem.rb:78:in `map'
  5. /Library/Ruby/Gems/2.0.0/gems/nanoc-3.6.7/lib/nanoc/data_sources/filesystem.rb:78:in `load_objects'
  6. /Library/Ruby/Gems/2.0.0/gems/nanoc-3.6.7/lib/nanoc/data_sources/filesystem.rb:37:in `items'
  7. /Library/Ruby/Gems/2.0.0/gems/nanoc-3.6.7/lib/nanoc/base/source_data/site.rb:325:in `block in load_items'
  8. /Library/Ruby/Gems/2.0.0/gems/nanoc-3.6.7/lib/nanoc/base/source_data/site.rb:324:in `each'
  9. /Library/Ruby/Gems/2.0.0/gems/nanoc-3.6.7/lib/nanoc/base/source_data/site.rb:324:in `load_items'
  10. /Library/Ruby/Gems/2.0.0/gems/nanoc-3.6.7/lib/nanoc/base/source_data/site.rb:243:in `load'
  11. /Library/Ruby/Gems/2.0.0/gems/nanoc-3.6.7/lib/nanoc/base/source_data/site.rb:127:in `layouts'
  12. /Library/Ruby/Gems/2.0.0/gems/nanoc-3.6.7/lib/nanoc/base/compilation/compiler.rb:187:in `dependency_tracker'
  13. /Library/Ruby/Gems/2.0.0/gems/nanoc-3.6.7/lib/nanoc/base/memoization.rb:56:in `block in memoize'
  14. /Library/Ruby/Gems/2.0.0/gems/nanoc-3.6.7/lib/nanoc/base/compilation/compiler.rb:457:in `stores'
  15. /Library/Ruby/Gems/2.0.0/gems/nanoc-3.6.7/lib/nanoc/base/compilation/compiler.rb:146:in `unload'
  16. /Library/Ruby/Gems/2.0.0/gems/nanoc-3.6.7/lib/nanoc/base/source_data/site.rb:274:in `unload'
  17. /Library/Ruby/Gems/2.0.0/gems/nanoc-3.6.7/lib/nanoc/base/source_data/site.rb:254:in `rescue in load'
  18. /Library/Ruby/Gems/2.0.0/gems/nanoc-3.6.7/lib/nanoc/base/source_data/site.rb:258:in `load'
  19. /Library/Ruby/Gems/2.0.0/gems/nanoc-3.6.7/lib/nanoc/cli/command_runner.rb:63:in `load_site'
  20. /Library/Ruby/Gems/2.0.0/gems/nanoc-3.6.7/lib/nanoc/cli/commands/compile.rb:390:in `run'
  21. /Library/Ruby/Gems/2.0.0/gems/nanoc-3.6.7/lib/nanoc/cli/command_runner.rb:14:in `block in call'
  22. /Library/Ruby/Gems/2.0.0/gems/nanoc-3.6.7/lib/nanoc/cli/error_handler.rb:70:in `handle_while'
  23. /Library/Ruby/Gems/2.0.0/gems/nanoc-3.6.7/lib/nanoc/cli/error_handler.rb:26:in `handle_while'
  24. /Library/Ruby/Gems/2.0.0/gems/nanoc-3.6.7/lib/nanoc/cli/command_runner.rb:13:in `call'
  25. /Library/Ruby/Gems/2.0.0/gems/cri-2.4.1/lib/cri/command_dsl.rb:185:in `block in runner'
  26. /Library/Ruby/Gems/2.0.0/gems/cri-2.4.1/lib/cri/command.rb:298:in `call'
  27. /Library/Ruby/Gems/2.0.0/gems/cri-2.4.1/lib/cri/command.rb:298:in `run_this'
  28. /Library/Ruby/Gems/2.0.0/gems/cri-2.4.1/lib/cri/command.rb:251:in `run'
  29. /Library/Ruby/Gems/2.0.0/gems/nanoc-3.6.7/lib/nanoc/cli/commands/nanoc.rb:39:in `block in define'
  30. /Library/Ruby/Gems/2.0.0/gems/cri-2.4.1/lib/cri/command.rb:298:in `call'
  31. /Library/Ruby/Gems/2.0.0/gems/cri-2.4.1/lib/cri/command.rb:298:in `run_this'
  32. /Library/Ruby/Gems/2.0.0/gems/cri-2.4.1/lib/cri/command.rb:251:in `run'
  33. /Library/Ruby/Gems/2.0.0/gems/nanoc-3.6.7/lib/nanoc/cli.rb:59:in `block in run'
  34. /Library/Ruby/Gems/2.0.0/gems/nanoc-3.6.7/lib/nanoc/cli/error_handler.rb:70:in `handle_while'
  35. /Library/Ruby/Gems/2.0.0/gems/nanoc-3.6.7/lib/nanoc/cli/error_handler.rb:26:in `handle_while'
  36. /Library/Ruby/Gems/2.0.0/gems/nanoc-3.6.7/lib/nanoc/cli.rb:57:in `run'
  37. /Library/Ruby/Gems/2.0.0/gems/nanoc-3.6.7/bin/nanoc:19:in `<top (required)>'
  38. /usr/bin/nanoc:23:in `load'
  ... 41 more lines omitted. See full crash log for details.

===== VERSION INFORMATION:

nanoc 3.6.7 © 2007-2013 Denis Defreyne.
Running ruby 2.0.0 (2013-06-27) on universal.x86_64-darwin13 with RubyGems 2.0.3.

===== SYSTEM INFORMATION:

Darwin MacBook-Pro.local 13.0.0 Darwin Kernel Version 13.0.0: Thu Sep 19 22:22:27 PDT 2013; root:xnu-2422.1.72~6/RELEASE_X86_64 x86_64

===== INSTALLED GEMS:

  CFPropertyList 2.2.0
  actionmailer 4.0.2
  actionpack 4.0.2
  activemodel 4.0.2
  activerecord 4.0.2
  activerecord-deprecated_finders 1.0.3
  activesupport 4.0.2
  adsf 1.2.0
  arel 4.0.1
  atomic 1.1.14
  builder 3.1.4
  bundler 1.5.1
  celluloid 0.15.2
  celluloid-io 0.15.0
  coderay 1.1.0
  coffee-rails 4.0.1
  coffee-script 2.2.0
  coffee-script-source 1.6.3
  colored 1.2
  cri 2.4.1
  erubis 2.7.0
  execjs 2.0.2
  ffi 1.9.3
  formatador 0.2.4
  growl 1.0.3
  guard 2.5.1
  guard-bundler 2.0.0
  guard-nanoc 1.0.2
  haml 4.0.5
  hike 1.2.3
  i18n 0.6.9
  jbuilder 1.5.3
  jquery-rails 3.0.4
  jsmin 1.0.1
  json 1.8.1
  kramdown 1.3.2
  libxml-ruby 2.6.0
  listen 2.6.1
  lumberjack 1.0.4
  mail 2.5.4
  method_source 0.8.2
  mime-types 1.25.1, 2.1
  mini_portile 0.5.2
  minitest 4.7.5
  multi_json 1.8.2
  nanoc 3.6.7
  nio4r 1.0.0
  nokogiri 1.5.6, 1.6.1
  polyglot 0.3.3
  posix-spawn 0.3.8
  powder 0.2.1
  pry 0.9.12.6
  pygments.rb 0.5.4
  rack 1.5.2
  rack-rewrite 1.5.0
  rack-test 0.6.2
  rails 4.0.2
  railties 4.0.2
  rake 10.1.1
  rb-fsevent 0.9.4
  rb-inotify 0.9.3
  rdoc 3.12.2
  sass 3.2.13
  sass-rails 4.0.1
  sdoc 0.3.20
  slop 3.4.7
  sprockets 2.10.1
  sprockets-rails 2.0.1
  sqlite3 1.3.7, 1.3.8
  stringex 2.2.0
  systemu 2.6.3
  thor 0.18.1
  thread_safe 0.1.3
  tilt 1.4.1
  timers 1.1.0
  treetop 1.4.15
  turbolinks 2.1.0
  tzinfo 0.3.38
  uglifier 2.4.0
  yajl-ruby 1.1.0

===== ENVIRONMENT:

Apple_PubSub_Socket_Render => "/tmp/launch-gecTZh/Render"
DISPLAY => "/tmp/launch-llWNig/org.macosforge.xquartz:0"
HOME => "/Users/pascal"
ITERM_PROFILE => "pascal"
ITERM_SESSION_ID => "w0t1p0"
LANG => "de_DE.UTF-8"
LOGNAME => "pascal"
OLDPWD => "/Users/pascal"
PATH => "/usr/bin:/bin:/usr/sbin:/sbin:/usr/local/bin:/opt/X11/bin:/usr/local/MacGPG2/bin"
PWD => "/Users/pascal/nanoc.krisennerd"
SECURITYSESSIONID => "186a5"
SHELL => "/bin/bash"
SHLVL => "2"
SSH_AUTH_SOCK => "/tmp/launch-EaRESl/Listeners"
TERM => "xterm"
TERM_PROGRAM => "iTerm.app"
TMPDIR => "/var/folders/l2/5typphgj23qdyxb1pw2s6fr00000gn/T/"
USER => "pascal"
_ => "/usr/bin/nanoc"
__CF_USER_TEXT_ENCODING => "0x1F5:0:3"
__CHECKFIX1436934 => "1"

===== LOAD PATHS:

  0. /Library/Ruby/Gems/2.0.0/gems/nanoc-3.6.7/lib
  1. /Library/Ruby/Gems/2.0.0/gems/colored-1.2/lib
  2. /Library/Ruby/Gems/2.0.0/gems/cri-2.4.1/lib
  3. /Library/Ruby/Gems/2.0.0/gems/nanoc-3.6.7/lib
  4. /Library/Ruby/Gems/2.0.0/gems/bundler-1.5.1/lib
  5. /Library/Ruby/Site/2.0.0
  6. /Library/Ruby/Site/2.0.0/x86_64-darwin13
  7. /Library/Ruby/Site/2.0.0/universal-darwin13
  8. /Library/Ruby/Site
  9. /System/Library/Frameworks/Ruby.framework/Versions/2.0/usr/lib/ruby/vendor_ruby/2.0.0
  10. /System/Library/Frameworks/Ruby.framework/Versions/2.0/usr/lib/ruby/vendor_ruby/2.0.0/x86_64-darwin13
  11. /System/Library/Frameworks/Ruby.framework/Versions/2.0/usr/lib/ruby/vendor_ruby/2.0.0/universal-darwin13
  12. /System/Library/Frameworks/Ruby.framework/Versions/2.0/usr/lib/ruby/vendor_ruby
  13. /System/Library/Frameworks/Ruby.framework/Versions/2.0/usr/lib/ruby/2.0.0
  14. /System/Library/Frameworks/Ruby.framework/Versions/2.0/usr/lib/ruby/2.0.0/x86_64-darwin13
  15. /System/Library/Frameworks/Ruby.framework/Versions/2.0/usr/lib/ruby/2.0.0/universal-darwin13
